[ +114 ms] Artifact Instance of 'MaterialFonts' is not required, skipping update.
[   +8 ms] Artifact Instance of 'GradleWrapper' is not required, skipping update.
[   +1 ms] Artifact Instance of 'AndroidGenSnapshotArtifacts' is not required, skipping update.
[   +1 ms] Artifact Instance of 'AndroidInternalBuildArtifacts' is not required, skipping update.
[        ] Artifact Instance of 'IOSEngineArtifacts' is not required, skipping update.
[   +1 ms] Artifact Instance of 'FlutterWebSdk' is not required, skipping update.
[   +2 ms] Artifact Instance of 'LegacyCanvasKitRemover' is not required, skipping update.
[        ] Artifact Instance of 'FlutterSdk' is not required, skipping update.
[        ] Artifact Instance of 'WindowsEngineArtifacts' is not required, skipping update.
[        ] Artifact Instance of 'MacOSEngineArtifacts' is not required, skipping update.
[        ] Artifact Instance of 'LinuxEngineArtifacts' is not required, skipping update.
[        ] Artifact Instance of 'LinuxFuchsiaSDKArtifacts' is not required, skipping update.
[        ] Artifact Instance of 'MacOSFuchsiaSDKArtifacts' is not required, skipping update.
[        ] Artifact Instance of 'FlutterRunnerSDKArtifacts' is not required, skipping update.
[        ] Artifact Instance of 'FlutterRunnerDebugSymbols' is not required, skipping update.
[        ] Artifact Instance of 'IosUsbArtifacts' is not required, skipping update.
[        ] Artifact Instance of 'IosUsbArtifacts' is not required, skipping update.
[        ] Artifact Instance of 'IosUsbArtifacts' is not required, skipping update.
[        ] Artifact Instance of 'IosUsbArtifacts' is not required, skipping update.
[        ] Artifact Instance of 'IosUsbArtifacts' is not required, skipping update.
[        ] Artifact Instance of 'IosUsbArtifacts' is not required, skipping update.
[        ] Artifact Instance of 'FontSubsetArtifacts' is not required, skipping update.
[        ] Artifact Instance of 'PubDependencies' is not required, skipping update.
[   +1 ms] executing: [C:\develop\flutter/] git -c log.showSignature=false log HEAD -n 1 --pretty=format:%ad --date=iso
[ +108 ms] Exit code 0 from: git -c log.showSignature=false log HEAD -n 1 --pretty=format:%ad --date=iso
[        ] 2026-04-15 21:21:08 -0700
[  +16 ms] Artifact Instance of 'AndroidGenSnapshotArtifacts' is not required, skipping update.
[        ] Artifact Instance of 'AndroidInternalBuildArtifacts' is not required, skipping update.
[        ] Artifact Instance of 'IOSEngineArtifacts' is not required, skipping update.
[        ] Artifact Instance of 'FlutterWebSdk' is not required, skipping update.
[        ] Artifact Instance of 'FlutterEngineStamp' is not required, skipping update.
[        ] Artifact Instance of 'LegacyCanvasKitRemover' is not required, skipping update.
[   +3 ms] Artifact Instance of 'WindowsEngineArtifacts' is not required, skipping update.
[        ] Artifact Instance of 'MacOSEngineArtifacts' is not required, skipping update.
[        ] Artifact Instance of 'LinuxEngineArtifacts' is not required, skipping update.
[        ] Artifact Instance of 'LinuxFuchsiaSDKArtifacts' is not required, skipping update.
[        ] Artifact Instance of 'MacOSFuchsiaSDKArtifacts' is not required, skipping update.
[        ] Artifact Instance of 'FlutterRunnerSDKArtifacts' is not required, skipping update.
[        ] Artifact Instance of 'FlutterRunnerDebugSymbols' is not required, skipping update.
[  +49 ms] Artifact Instance of 'MaterialFonts' is not required, skipping update.
[        ] Artifact Instance of 'GradleWrapper' is not required, skipping update.
[        ] Artifact Instance of 'AndroidGenSnapshotArtifacts' is not required, skipping update.
[        ] Artifact Instance of 'AndroidInternalBuildArtifacts' is not required, skipping update.
[        ] Artifact Instance of 'IOSEngineArtifacts' is not required, skipping update.
[        ] Artifact Instance of 'FlutterWebSdk' is not required, skipping update.
[        ] Artifact Instance of 'FlutterEngineStamp' is not required, skipping update.
[        ] Artifact Instance of 'LegacyCanvasKitRemover' is not required, skipping update.
[        ] Artifact Instance of 'FlutterSdk' is not required, skipping update.
[        ] Artifact Instance of 'WindowsEngineArtifacts' is not required, skipping update.
[        ] Artifact Instance of 'MacOSEngineArtifacts' is not required, skipping update.
[        ] Artifact Instance of 'LinuxEngineArtifacts' is not required, skipping update.
[        ] Artifact Instance of 'LinuxFuchsiaSDKArtifacts' is not required, skipping update.
[        ] Artifact Instance of 'MacOSFuchsiaSDKArtifacts' is not required, skipping update.
[        ] Artifact Instance of 'FlutterRunnerSDKArtifacts' is not required, skipping update.
[        ] Artifact Instance of 'FlutterRunnerDebugSymbols' is not required, skipping update.
[        ] Artifact Instance of 'IosUsbArtifacts' is not required, skipping update.
[        ] Artifact Instance of 'IosUsbArtifacts' is not required, skipping update.
[        ] Artifact Instance of 'IosUsbArtifacts' is not required, skipping update.
[        ] Artifact Instance of 'IosUsbArtifacts' is not required, skipping update.
[        ] Artifact Instance of 'IosUsbArtifacts' is not required, skipping update.
[        ] Artifact Instance of 'IosUsbArtifacts' is not required, skipping update.
[        ] Artifact Instance of 'FontSubsetArtifacts' is not required, skipping update.
[        ] Artifact Instance of 'PubDependencies' is not required, skipping update.
[  +16 ms] No .metadata file found at C:\yakssok\yakssok_front\.\.metadata.
[  +26 ms] Recreating project ....
[  +68 ms]   .gitignore (existing - skipped)
[        ]   .idea\libraries\Dart_SDK.xml (created)
[  +18 ms]   .idea\libraries\KotlinJavaRuntime.xml (created)
[   +9 ms]   .idea\modules.xml (created)
[  +10 ms]   .idea\runConfigurations\main_dart.xml (created)
[   +9 ms]   .idea\workspace.xml (created)
[  +11 ms]   analysis_options.yaml (created)
[  +13 ms]   android\app\build.gradle.kts (created)
[  +16 ms]   android\app\src\main\kotlin\com\example\yakssok_front\MainActivity.kt (created)
[  +10 ms]   android\build.gradle.kts (created)
[   +9 ms]   android\yakssok_front_android.iml (created)
[  +12 ms]   android\.gitignore (created)
[  +12 ms]   android\app\src\debug\AndroidManifest.xml (created)
[  +11 ms]   android\app\src\main\AndroidManifest.xml (created)
[  +13 ms]   android\app\src\main\res\drawable\launch_background.xml (created)
[  +12 ms]   android\app\src\main\res\drawable-v21\launch_background.xml (created)
[  +12 ms]   android\app\src\main\res\mipmap-hdpi\ic_launcher.png (created)
[   +6 ms]   android\app\src\main\res\mipmap-mdpi\ic_launcher.png (created)
[   +6 ms]   android\app\src\main\res\mipmap-xhdpi\ic_launcher.png (created)
[   +6 ms]   android\app\src\main\res\mipmap-xxhdpi\ic_launcher.png (created)
[  +71 ms]   android\app\src\main\res\mipmap-xxxhdpi\ic_launcher.png (created)
[   +4 ms]   android\app\src\main\res\values\styles.xml (created)
[  +12 ms]   android\app\src\main\res\values-night\styles.xml (created)
[  +12 ms]   android\app\src\profile\AndroidManifest.xml (created)
[   +4 ms]   android\gradle\wrapper\gradle-wrapper.properties (created)
[   +9 ms]   android\gradle.properties (created)
[   +9 ms]   android\settings.gradle.kts (created)
[  +10 ms]   lib\main.dart (existing - skipped)
[        ]   yakssok_front.iml (created)
[   +9 ms]   pubspec.yaml (existing - skipped)
[   +1 ms]   README.md (created)
[  +11 ms]   test\widget_test.dart (created)
[  +92 ms] executing: [C:\yakssok\yakssok_front/] C:\develop\flutter\bin\cache\dart-sdk\bin\dart pub --suppress-analytics --directory . get --example
Resolving dependencies...
Downloading packages...
Got dependencies.
[+1202 ms] Generating C:\yakssok\yakssok_front\android\app\src\main\java\io\flutter\plugins\GeneratedPluginRegistrant.java
[   +2 ms] Skipping generating GeneratedPluginRegistrant.java because it is up-to-date.
[        ] Wrote 32 files.
[        ] 
           All done!
[   +2 ms] You can find general documentation for Flutter at: https://docs.flutter.dev/
           Detailed API documentation is available at: https://api.flutter.dev/
           If you prefer video documentation, consider: https://www.youtube.com/c/flutterdev

           In order to run your application, type:

             $ flutter run

           Your application code is in .\lib\main.dart.

[   +7 ms] executing: C:\Program Files\Android\Android Studio\jbr\bin\java -version
[ +253 ms] Exit code 0 from: C:\Program Files\Android\Android Studio\jbr\bin\java -version
[        ] openjdk version "17.0.6" 2023-01-17
           OpenJDK Runtime Environment (build 17.0.6+0-b2043.56-10027231)
           OpenJDK 64-Bit Server VM (build 17.0.6+0-b2043.56-10027231, mixed mode)
[   +1 ms] executing: C:\Program Files\Android\Android Studio\jbr\bin\java -version
[ +131 ms] Exit code 0 from: C:\Program Files\Android\Android Studio\jbr\bin\java -version
[        ] openjdk version "17.0.6" 2023-01-17
           OpenJDK Runtime Environment (build 17.0.6+0-b2043.56-10027231)
           OpenJDK 64-Bit Server VM (build 17.0.6+0-b2043.56-10027231, mixed mode)
[   +2 ms] executing: C:\Program Files\Android\Android Studio\jbr\bin\java --version
[ +131 ms] Exit code 0 from: C:\Program Files\Android\Android Studio\jbr\bin\java --version
[        ] openjdk 17.0.6 2023-01-17
           OpenJDK Runtime Environment (build 17.0.6+0-b2043.56-10027231)
           OpenJDK 64-Bit Server VM (build 17.0.6+0-b2043.56-10027231, mixed mode)
[   +3 ms] "flutter create" took 2,379ms.
[  +54 ms] Running 1 shutdown hook
[   +1 ms] Shutdown hooks complete
[        ] exiting with code 0
